"D:/dev/ue4/GameJam/Content/Blueprints/Player/BP_GameJamPlayerController.uasset" 0
"D:/dev/ue4/GameJam/Content/Blueprints/Player/BP_GameJamPlayerController.uexp" 1
"D:/dev/ue4/GameJam/Content/Materials/ImphenziaPalette01.uasset" 2
"D:/dev/ue4/GameJam/Content/Materials/ImphenziaPalette01.uexp" 3
"D:/dev/ue4/GameJam/Content/Materials/M_Imphenzia.uasset" 4
"D:/dev/ue4/GameJam/Content/Materials/M_Imphenzia.uexp" 5
"D:/dev/ue4/GameJam/Content/Meshes/Cannon.uasset" 6
"D:/dev/ue4/GameJam/Content/Meshes/Cannon.uexp" 7
"D:/dev/ue4/GameJam/Content/HUD/WinWidget.uasset" 8
"D:/dev/ue4/GameJam/Content/HUD/WinWidget.uexp" 9
"D:/dev/ue4/GameJam/Content/HUD/Healthbar.uasset" 10
"D:/dev/ue4/GameJam/Content/HUD/Healthbar.uexp" 11
"D:/dev/ue4/GameJam/Content/HUD/GameOverWidget.uasset" 12
"D:/dev/ue4/GameJam/Content/HUD/GameOverWidget.uexp" 13
"D:/dev/ue4/GameJam/Content/Characters/Bruhccoli/Bruhccoli_PhysicsAsset.uasset" 14
"D:/dev/ue4/GameJam/Content/Characters/Bruhccoli/Bruhccoli_PhysicsAsset.uexp" 15
"D:/dev/ue4/GameJam/Content/Characters/Bruhccoli/Bruhccoli_Skeleton.uasset" 16
"D:/dev/ue4/GameJam/Content/Characters/Bruhccoli/Bruhccoli_Skeleton.uexp" 17
"D:/dev/ue4/GameJam/Content/Characters/Bruhccoli/Bruhccoli.uasset" 18
"D:/dev/ue4/GameJam/Content/Characters/Bruhccoli/Bruhccoli.uexp" 19
"../../../Engine/Content/EditorBlueprintResources/StandardMacros.uasset" 20
"../../../Engine/Content/EditorBlueprintResources/StandardMacros.uexp" 21
"../../../Engine/Content/Animation/DefaultAnimCurveCompressionSettings.uasset" 22
"../../../Engine/Content/Animation/DefaultAnimCurveCompressionSettings.uexp" 23
"../../../Engine/Content/Animation/DefaultAnimBoneCompressionSettings.uasset" 24
"../../../Engine/Content/Animation/DefaultAnimBoneCompressionSettings.uexp" 25
"D:/dev/ue4/GameJam/Content/Characters/Bruhccoli/Animations/Walk_Right.uasset" 26
"D:/dev/ue4/GameJam/Content/Characters/Bruhccoli/Animations/Walk_Right.uexp" 27
"D:/dev/ue4/GameJam/Content/Characters/Bruhccoli/Animations/Walk_Left.uasset" 28
"D:/dev/ue4/GameJam/Content/Characters/Bruhccoli/Animations/Walk_Left.uexp" 29
"D:/dev/ue4/GameJam/Content/Characters/Bruhccoli/Animations/Walk_Forward_Right.uasset" 30
"D:/dev/ue4/GameJam/Content/Characters/Bruhccoli/Animations/Walk_Forward_Right.uexp" 31
"D:/dev/ue4/GameJam/Content/Characters/Bruhccoli/Animations/Walk_Forward_Left.uasset" 32
"D:/dev/ue4/GameJam/Content/Characters/Bruhccoli/Animations/Walk_Forward_Left.uexp" 33
"D:/dev/ue4/GameJam/Content/Characters/Bruhccoli/Animations/Walk_Forward.uasset" 34
"D:/dev/ue4/GameJam/Content/Characters/Bruhccoli/Animations/Walk_Forward.uexp" 35
"D:/dev/ue4/GameJam/Content/Characters/Bruhccoli/Animations/Walk_Backward_Right.uasset" 36
"D:/dev/ue4/GameJam/Content/Characters/Bruhccoli/Animations/Walk_Backward_Right.uexp" 37
"D:/dev/ue4/GameJam/Content/Characters/Bruhccoli/Animations/Walk_Backward_Left.uasset" 38
"D:/dev/ue4/GameJam/Content/Characters/Bruhccoli/Animations/Walk_Backward_Left.uexp" 39
"D:/dev/ue4/GameJam/Content/Characters/Bruhccoli/Animations/Walk_Backward.uasset" 40
"D:/dev/ue4/GameJam/Content/Characters/Bruhccoli/Animations/Walk_Backward.uexp" 41
"D:/dev/ue4/GameJam/Content/Characters/Bruhccoli/Animations/Run_Right.uasset" 42
"D:/dev/ue4/GameJam/Content/Characters/Bruhccoli/Animations/Run_Right.uexp" 43
"D:/dev/ue4/GameJam/Content/Characters/Bruhccoli/Animations/Run_Left.uasset" 44
"D:/dev/ue4/GameJam/Content/Characters/Bruhccoli/Animations/Run_Left.uexp" 45
"D:/dev/ue4/GameJam/Content/Characters/Bruhccoli/Animations/Run_Forward_Right.uasset" 46
"D:/dev/ue4/GameJam/Content/Characters/Bruhccoli/Animations/Run_Forward_Right.uexp" 47
"D:/dev/ue4/GameJam/Content/Characters/Bruhccoli/Animations/Run_Forward_Left.uasset" 48
"D:/dev/ue4/GameJam/Content/Characters/Bruhccoli/Animations/Run_Forward_Left.uexp" 49
"D:/dev/ue4/GameJam/Content/Characters/Bruhccoli/Animations/Run_Forward.uasset" 50
"D:/dev/ue4/GameJam/Content/Characters/Bruhccoli/Animations/Run_Forward.uexp" 51
"D:/dev/ue4/GameJam/Content/Characters/Bruhccoli/Animations/Run_Backward_Right.uasset" 52
"D:/dev/ue4/GameJam/Content/Characters/Bruhccoli/Animations/Run_Backward_Right.uexp" 53
"D:/dev/ue4/GameJam/Content/Characters/Bruhccoli/Animations/Run_Backward_Left.uasset" 54
"D:/dev/ue4/GameJam/Content/Characters/Bruhccoli/Animations/Run_Backward_Left.uexp" 55
"D:/dev/ue4/GameJam/Content/Characters/Bruhccoli/Animations/Run_Backward.uasset" 56
"D:/dev/ue4/GameJam/Content/Characters/Bruhccoli/Animations/Run_Backward.uexp" 57
"D:/dev/ue4/GameJam/Content/Characters/Bruhccoli/Animations/Rifle_Idle.uasset" 58
"D:/dev/ue4/GameJam/Content/Characters/Bruhccoli/Animations/Rifle_Idle.uexp" 59
"D:/dev/ue4/GameJam/Content/Characters/Bruhccoli/BS_DirectionalMovement.uasset" 60
"D:/dev/ue4/GameJam/Content/Characters/Bruhccoli/BS_DirectionalMovement.uexp" 61
"D:/dev/ue4/GameJam/Content/Characters/Bruhccoli/AnimBP_Bruhccoli.uasset" 62
"D:/dev/ue4/GameJam/Content/Characters/Bruhccoli/AnimBP_Bruhccoli.uexp" 63
"D:/dev/ue4/GameJam/Content/Particles/M_Particles.uasset" 64
"D:/dev/ue4/GameJam/Content/Particles/M_Particles.uexp" 65
"D:/dev/ue4/GameJam/Content/Particles/PS_ProjectileHit.uasset" 66
"D:/dev/ue4/GameJam/Content/Particles/PS_ProjectileHit.uexp" 67
"D:/dev/ue4/GameJam/Content/Particles/PS_ProjectileDestroy.uasset" 68
"D:/dev/ue4/GameJam/Content/Particles/PS_ProjectileDestroy.uexp" 69
"D:/dev/ue4/GameJam/Content/Meshes/BroccoliProjectile.uasset" 70
"D:/dev/ue4/GameJam/Content/Meshes/BroccoliProjectile.uexp" 71
"D:/dev/ue4/GameJam/Content/Particles/PS_EnemyDestroy.uasset" 72
"D:/dev/ue4/GameJam/Content/Particles/PS_EnemyDestroy.uexp" 73
"D:/dev/ue4/GameJam/Content/Meshes/Soda.uasset" 74
"D:/dev/ue4/GameJam/Content/Meshes/Soda.uexp" 75
"D:/dev/ue4/GameJam/Content/Audio/sharp-explosion.uasset" 76
"D:/dev/ue4/GameJam/Content/Audio/sharp-explosion.uexp" 77
"D:/dev/ue4/GameJam/Content/Blueprints/Gameplay/BP_EnemySoda.uasset" 78
"D:/dev/ue4/GameJam/Content/Blueprints/Gameplay/BP_EnemySoda.uexp" 79
"D:/dev/ue4/GameJam/Content/Blueprints/Gameplay/BP_Projectile.uasset" 80
"D:/dev/ue4/GameJam/Content/Blueprints/Gameplay/BP_Projectile.uexp" 81
"D:/dev/ue4/GameJam/Content/Audio/okay.uasset" 82
"D:/dev/ue4/GameJam/Content/Audio/okay.uexp" 83
"D:/dev/ue4/GameJam/Content/Audio/fire-magic.uasset" 84
"D:/dev/ue4/GameJam/Content/Audio/fire-magic.uexp" 85
"D:/dev/ue4/GameJam/Content/Blueprints/Player/BP_GameJamCharacter.uasset" 86
"D:/dev/ue4/GameJam/Content/Blueprints/Player/BP_GameJamCharacter.uexp" 87
"D:/dev/ue4/GameJam/Content/Blueprints/Game/BP_GameJamGameModeBase.uasset" 88
"D:/dev/ue4/GameJam/Content/Blueprints/Game/BP_GameJamGameModeBase.uexp" 89
"../../../Engine/Content/EngineMaterials/T_Default_Material_Grid_N.uasset" 90
"../../../Engine/Content/EngineMaterials/T_Default_Material_Grid_N.uexp" 91
"../../../Engine/Content/EngineMaterials/T_Default_Material_Grid_N.ubulk" 92
"../../../Engine/Content/EngineMaterials/T_Default_Material_Grid_M.uasset" 93
"../../../Engine/Content/EngineMaterials/T_Default_Material_Grid_M.uexp" 94
"../../../Engine/Content/EngineMaterials/T_Default_Material_Grid_M.ubulk" 95
"../../../Engine/Content/Functions/Engine_MaterialFunctions01/Opacity/CameraDepthFade.uasset" 96
"../../../Engine/Content/Functions/Engine_MaterialFunctions01/Opacity/CameraDepthFade.uexp" 97
"../../../Engine/Content/EngineMaterials/WorldGridMaterial.uasset" 98
"../../../Engine/Content/EngineMaterials/WorldGridMaterial.uexp" 99
"../../../Engine/Content/ArtTools/RenderToTexture/Meshes/S_1_Unit_Plane.uasset" 100
"../../../Engine/Content/ArtTools/RenderToTexture/Meshes/S_1_Unit_Plane.uexp" 101
"../../../Engine/Content/EngineMaterials/DefaultMaterial.uasset" 102
"../../../Engine/Content/EngineMaterials/DefaultMaterial.uexp" 103
"../../../Engine/Content/BasicShapes/Cone.uasset" 104
"../../../Engine/Content/BasicShapes/Cone.uexp" 105
"../../../Engine/Content/BasicShapes/Cube.uasset" 106
"../../../Engine/Content/BasicShapes/Cube.uexp" 107
"../../../Engine/Content/BasicShapes/Plane.uasset" 108
"../../../Engine/Content/BasicShapes/Plane.uexp" 109
"../../../Engine/Content/BasicShapes/Sphere.uasset" 110
"../../../Engine/Content/BasicShapes/Sphere.uexp" 111
"../../../Engine/Content/EditorLandscapeResources/DataLayer.uasset" 112
"../../../Engine/Content/EditorLandscapeResources/DataLayer.uexp" 113
"../../../Engine/Content/EditorLandscapeResources/DefaultAlphaTexture.uasset" 114
"../../../Engine/Content/EditorLandscapeResources/DefaultAlphaTexture.uexp" 115
"../../../Engine/Content/EditorMaterials/MAT_Groups_Toggle.uasset" 116
"../../../Engine/Content/EditorMaterials/MAT_Groups_Toggle.uexp" 117
"../../../Engine/Content/EditorMaterials/MAT_Groups_Visibility.uasset" 118
"../../../Engine/Content/EditorMaterials/MAT_Groups_Visibility.uexp" 119
"../../../Engine/Content/EditorMaterials/PreviewShadowIndicator.uasset" 120
"../../../Engine/Content/EditorMaterials/PreviewShadowIndicator.uexp" 121
"../../../Engine/Content/EditorMaterials/PreviewShadowIndicator.ubulk" 122
"../../../Engine/Content/EditorMaterials/PreviewShadowIndicatorMaterial.uasset" 123
"../../../Engine/Content/EditorMaterials/PreviewShadowIndicatorMaterial.uexp" 124
"../../../Engine/Content/EditorMaterials/MatineeGroups/MAT_ColorTrack.uasset" 125
"../../../Engine/Content/EditorMaterials/MatineeGroups/MAT_ColorTrack.uexp" 126
"../../../Engine/Content/EditorMaterials/MatineeGroups/MAT_Groups_Anim.uasset" 127
"../../../Engine/Content/EditorMaterials/MatineeGroups/MAT_Groups_Anim.uexp" 128
"../../../Engine/Content/EditorMaterials/MatineeGroups/MAT_Groups_AudioMaster.uasset" 129
"../../../Engine/Content/EditorMaterials/MatineeGroups/MAT_Groups_AudioMaster.uexp" 130
"../../../Engine/Content/EditorMaterials/MatineeGroups/MAT_Groups_Director.uasset" 131
"../../../Engine/Content/EditorMaterials/MatineeGroups/MAT_Groups_Director.uexp" 132
"../../../Engine/Content/EditorMaterials/MatineeGroups/MAT_Groups_Event.uasset" 133
"../../../Engine/Content/EditorMaterials/MatineeGroups/MAT_Groups_Event.uexp" 134
"../../../Engine/Content/EditorMaterials/MatineeGroups/MAT_Groups_Fade.uasset" 135
"../../../Engine/Content/EditorMaterials/MatineeGroups/MAT_Groups_Fade.uexp" 136
"../../../Engine/Content/EditorMaterials/MatineeGroups/MAT_Groups_Float.uasset" 137
"../../../Engine/Content/EditorMaterials/MatineeGroups/MAT_Groups_Float.uexp" 138
"../../../Engine/Content/EditorMaterials/MatineeGroups/MAT_Groups_Move.uasset" 139
"../../../Engine/Content/EditorMaterials/MatineeGroups/MAT_Groups_Move.uexp" 140
"../../../Engine/Content/EditorMaterials/MatineeGroups/MAT_Groups_Slomo.uasset" 141
"../../../Engine/Content/EditorMaterials/MatineeGroups/MAT_Groups_Slomo.uexp" 142
"../../../Engine/Content/EditorMaterials/MatineeGroups/MAT_Groups_Sound.uasset" 143
"../../../Engine/Content/EditorMaterials/MatineeGroups/MAT_Groups_Sound.uexp" 144
"../../../Engine/Content/EditorMaterials/MatineeGroups/MAT_Groups_Vector.uasset" 145
"../../../Engine/Content/EditorMaterials/MatineeGroups/MAT_Groups_Vector.uexp" 146
"../../../Engine/Content/EditorMaterials/ParticleSystems/PSysThumbnail_NoImage.uasset" 147
"../../../Engine/Content/EditorMaterials/ParticleSystems/PSysThumbnail_NoImage.uexp" 148
"../../../Engine/Content/EditorMaterials/ParticleSystems/PSysThumbnail_NoImage.ubulk" 149
"../../../Engine/Content/EditorMaterials/ParticleSystems/PSysThumbnail_OOD.uasset" 150
"../../../Engine/Content/EditorMaterials/ParticleSystems/PSysThumbnail_OOD.uexp" 151
"../../../Engine/Content/EditorMaterials/ParticleSystems/PSysThumbnail_OOD.ubulk" 152
"../../../Engine/Content/EditorMaterials/Camera/CineMat.uasset" 153
"../../../Engine/Content/EditorMaterials/Camera/CineMat.uexp" 154
"../../../Engine/Content/EditorMaterials/Camera/MI_CineMat_Rig.uasset" 155
"../../../Engine/Content/EditorMaterials/Camera/MI_CineMat_Rig.uexp" 156
"../../../Engine/Content/EditorMeshes/Camera/SM_CraneRig_Arm.uasset" 157
"../../../Engine/Content/EditorMeshes/Camera/SM_CraneRig_Arm.uexp" 158
"../../../Engine/Content/EditorMeshes/Camera/SM_CraneRig_Base.uasset" 159
"../../../Engine/Content/EditorMeshes/Camera/SM_CraneRig_Base.uexp" 160
"../../../Engine/Content/EditorMeshes/Camera/SM_CraneRig_Body.uasset" 161
"../../../Engine/Content/EditorMeshes/Camera/SM_CraneRig_Body.uexp" 162
"../../../Engine/Content/EditorMeshes/Camera/SM_CraneRig_Mount.uasset" 163
"../../../Engine/Content/EditorMeshes/Camera/SM_CraneRig_Mount.uexp" 164
"../../../Engine/Content/EditorMeshes/Camera/SM_RailRig_Mount.uasset" 165
"../../../Engine/Content/EditorMeshes/Camera/SM_RailRig_Mount.uexp" 166
"../../../Engine/Content/EditorMeshes/Camera/SM_RailRig_Track.uasset" 167
"../../../Engine/Content/EditorMeshes/Camera/SM_RailRig_Track.uexp" 168
"../../../Engine/Content/EditorResources/BSPVertex.uasset" 169
"../../../Engine/Content/EditorResources/BSPVertex.uexp" 170
"../../../Engine/Content/EditorResources/EmptyActor.uasset" 171
"../../../Engine/Content/EditorResources/EmptyActor.uexp" 172
"../../../Engine/Content/EditorResources/S_Actor.uasset" 173
"../../../Engine/Content/EditorResources/S_Actor.uexp" 174
"../../../Engine/Content/EditorResources/S_Actor.ubulk" 175
"../../../Engine/Content/EditorResources/S_Note.uasset" 176
"../../../Engine/Content/EditorResources/S_Note.uexp" 177
"../../../Engine/Content/EditorResources/S_Note.ubulk" 178
"../../../Engine/Content/EditorResources/S_Solver.uasset" 179
"../../../Engine/Content/EditorResources/S_Solver.uexp" 180
"../../../Engine/Content/EditorResources/S_Solver.ubulk" 181
"../../../Engine/Content/EditorResources/S_Terrain.uasset" 182
"../../../Engine/Content/EditorResources/S_Terrain.uexp" 183
"../../../Engine/Content/EditorResources/S_Terrain.ubulk" 184
"../../../Engine/Content/EditorResources/S_Trigger.uasset" 185
"../../../Engine/Content/EditorResources/S_Trigger.uexp" 186
"../../../Engine/Content/EditorResources/S_Trigger.ubulk" 187
"../../../Engine/Content/EditorResources/AudioIcons/S_AudioComponent_AutoActivate.uasset" 188
"../../../Engine/Content/EditorResources/AudioIcons/S_AudioComponent_AutoActivate.uexp" 189
"../../../Engine/Content/EditorResources/AudioIcons/S_AudioComponent_AutoActivate.ubulk" 190
"../../../Engine/Content/EditorResources/LightIcons/S_LightError.uasset" 191
"../../../Engine/Content/EditorResources/LightIcons/S_LightError.uexp" 192
"../../../Engine/Content/EditorResources/SequenceRecorder/Countdown.uasset" 193
"../../../Engine/Content/EditorResources/SequenceRecorder/Countdown.uexp" 194
"../../../Engine/Content/EditorResources/SequenceRecorder/RecordingIndicator.uasset" 195
"../../../Engine/Content/EditorResources/SequenceRecorder/RecordingIndicator.uexp" 196
"../../../Engine/Content/EngineDamageTypes/DmgTypeBP_Environmental.uasset" 197
"../../../Engine/Content/EngineDamageTypes/DmgTypeBP_Environmental.uexp" 198
"../../../Engine/Content/EngineDebugMaterials/DebugEditorMaterial.uasset" 199
"../../../Engine/Content/EngineDebugMaterials/DebugEditorMaterial.uexp" 200
"../../../Engine/Content/EngineDebugMaterials/DebugMeshMaterial.uasset" 201
"../../../Engine/Content/EngineDebugMaterials/DebugMeshMaterial.uexp" 202
"../../../Engine/Content/EngineDebugMaterials/M_SimpleUnlitTranslucent.uasset" 203
"../../../Engine/Content/EngineDebugMaterials/M_SimpleUnlitTranslucent.uexp" 204
"../../../Engine/Content/EngineDebugMaterials/VolumeToRender.uasset" 205
"../../../Engine/Content/EngineDebugMaterials/VolumeToRender.uexp" 206
"../../../Engine/Content/Functions/Engine_MaterialFunctions02/Utility/CameraDirectionVector.uasset" 207
"../../../Engine/Content/Functions/Engine_MaterialFunctions02/Utility/CameraDirectionVector.uexp" 208
"../../../Engine/Content/EngineDebugMaterials/M_VolumeRenderSphereTracePP.uasset" 209
"../../../Engine/Content/EngineDebugMaterials/M_VolumeRenderSphereTracePP.uexp" 210
"../../../Engine/Content/Functions/Engine_MaterialFunctions01/Shading/ConvertFromDiffSpec.uasset" 211
"../../../Engine/Content/Functions/Engine_MaterialFunctions01/Shading/ConvertFromDiffSpec.uexp" 212
"../../../Engine/Content/EngineDebugMaterials/VertexColorMaterial.uasset" 213
"../../../Engine/Content/EngineDebugMaterials/VertexColorMaterial.uexp" 214
"../../../Engine/Content/EngineDebugMaterials/WireframeMaterial.uasset" 215
"../../../Engine/Content/EngineDebugMaterials/WireframeMaterial.uexp" 216
"../../../Engine/Content/EngineFonts/Faces/RobotoRegular.uasset" 217
"../../../Engine/Content/EngineFonts/Faces/RobotoRegular.uexp" 218
"../../../Engine/Content/EngineFonts/Faces/RobotoRegular.ufont" 219
"../../../Engine/Content/EngineFonts/Faces/RobotoLight.uasset" 220
"../../../Engine/Content/EngineFonts/Faces/RobotoLight.uexp" 221
"../../../Engine/Content/EngineFonts/Faces/RobotoLight.ufont" 222
"../../../Engine/Content/EngineFonts/Faces/RobotoItalic.uasset" 223
"../../../Engine/Content/EngineFonts/Faces/RobotoItalic.uexp" 224
"../../../Engine/Content/EngineFonts/Faces/RobotoItalic.ufont" 225
"../../../Engine/Content/EngineFonts/Faces/RobotoBoldItalic.uasset" 226
"../../../Engine/Content/EngineFonts/Faces/RobotoBoldItalic.uexp" 227
"../../../Engine/Content/EngineFonts/Faces/RobotoBoldItalic.ufont" 228
"../../../Engine/Content/EngineFonts/Faces/RobotoBold.uasset" 229
"../../../Engine/Content/EngineFonts/Faces/RobotoBold.uexp" 230
"../../../Engine/Content/EngineFonts/Faces/RobotoBold.ufont" 231
"../../../Engine/Content/EngineFonts/Faces/DroidSansFallback.uasset" 232
"../../../Engine/Content/EngineFonts/Faces/DroidSansFallback.uexp" 233
"../../../Engine/Content/EngineFonts/Faces/DroidSansFallback.ufont" 234
"../../../Engine/Content/EngineFonts/Roboto.uasset" 235
"../../../Engine/Content/EngineFonts/Roboto.uexp" 236
"../../../Engine/Content/EngineMaterials/BaseFlattenNormalMap.uasset" 237
"../../../Engine/Content/EngineMaterials/BaseFlattenNormalMap.uexp" 238
"../../../Engine/Content/EngineMaterials/BaseFlattenGrayscaleMap.uasset" 239
"../../../Engine/Content/EngineMaterials/BaseFlattenGrayscaleMap.uexp" 240
"../../../Engine/Content/EngineMaterials/BaseFlattenEmissiveMap.uasset" 241
"../../../Engine/Content/EngineMaterials/BaseFlattenEmissiveMap.uexp" 242
"../../../Engine/Content/EngineMaterials/BaseFlattenDiffuseMap.uasset" 243
"../../../Engine/Content/EngineMaterials/BaseFlattenDiffuseMap.uexp" 244
"../../../Engine/Content/EngineMaterials/BaseFlattenMaterial.uasset" 245
"../../../Engine/Content/EngineMaterials/BaseFlattenMaterial.uexp" 246
"../../../Engine/Content/EngineMaterials/BlueNoise.uasset" 247
"../../../Engine/Content/EngineMaterials/BlueNoise.uexp" 248
"../../../Engine/Content/EngineMaterials/DefaultBloomKernel.uasset" 249
"../../../Engine/Content/EngineMaterials/DefaultBloomKernel.uexp" 250
"../../../Engine/Content/EngineMaterials/DefaultBokeh.uasset" 251
"../../../Engine/Content/EngineMaterials/DefaultBokeh.uexp" 252
"../../../Engine/Content/EngineMaterials/DefaultDiffuse.uasset" 253
"../../../Engine/Content/EngineMaterials/DefaultDiffuse.uexp" 254
"../../../Engine/Content/EngineMaterials/DefaultDiffuse.ubulk" 255
"../../../Engine/Content/EngineMaterials/DefaultDeferredDecalMaterial.uasset" 256
"../../../Engine/Content/EngineMaterials/DefaultDeferredDecalMaterial.uexp" 257
"../../../Engine/Content/EngineMaterials/DefaultLightFunctionMaterial.uasset" 258
"../../../Engine/Content/EngineMaterials/DefaultLightFunctionMaterial.uexp" 259
"../../../Engine/Content/EngineMaterials/DefaultPhysicalMaterial.uasset" 260
"../../../Engine/Content/EngineMaterials/DefaultPhysicalMaterial.uexp" 261
"../../../Engine/Content/Functions/Engine_MaterialFunctions02/Utility/BreakOutFloat2Components.uasset" 262
"../../../Engine/Content/Functions/Engine_MaterialFunctions02/Utility/BreakOutFloat2Components.uexp" 263
"../../../Engine/Content/EngineMaterials/DefaultPostProcessMaterial.uasset" 264
"../../../Engine/Content/EngineMaterials/DefaultPostProcessMaterial.uexp" 265
"../../../Engine/Content/EngineFonts/RobotoDistanceField.uasset" 266
"../../../Engine/Content/EngineFonts/RobotoDistanceField.uexp" 267
"../../../Engine/Content/EngineMaterials/DefaultTextMaterialOpaque.uasset" 268
"../../../Engine/Content/EngineMaterials/DefaultTextMaterialOpaque.uexp" 269
"../../../Engine/Content/EngineMaterials/DefaultWhiteGrid.uasset" 270
"../../../Engine/Content/EngineMaterials/DefaultWhiteGrid.uexp" 271
"../../../Engine/Content/EngineMaterials/DefaultWhiteGrid.ubulk" 272
"../../../Engine/Content/EngineMaterials/DefaultWhiteGrid_Low.uasset" 273
"../../../Engine/Content/EngineMaterials/DefaultWhiteGrid_Low.uexp" 274
"../../../Engine/Content/EngineMaterials/EmissiveMeshMaterial.uasset" 275
"../../../Engine/Content/EngineMaterials/EmissiveMeshMaterial.uexp" 276
"../../../Engine/Content/EngineMaterials/GizmoMaterial.uasset" 277
"../../../Engine/Content/EngineMaterials/GizmoMaterial.uexp" 278
"../../../Engine/Content/EngineMaterials/Good64x64TilingNoiseHighFreq.uasset" 279
"../../../Engine/Content/EngineMaterials/Good64x64TilingNoiseHighFreq.uexp" 280
"../../../Engine/Content/EngineMaterials/MiniFont.uasset" 281
"../../../Engine/Content/EngineMaterials/MiniFont.uexp" 282
"../../../Engine/Content/EngineMaterials/InvalidLightmapSettings.uasset" 283
"../../../Engine/Content/EngineMaterials/InvalidLightmapSettings.uexp" 284
"../../../Engine/Content/EngineMaterials/InvalidLightmapSettings.ubulk" 285
"../../../Engine/Content/EngineMaterials/M_InvalidLightmapSettings.uasset" 286
"../../../Engine/Content/EngineMaterials/M_InvalidLightmapSettings.uexp" 287
"../../../Engine/Content/Functions/Engine_MaterialFunctions02/WorldPositionOffset/CameraOffset.uasset" 288
"../../../Engine/Content/Functions/Engine_MaterialFunctions02/WorldPositionOffset/CameraOffset.uexp" 289
"../../../Engine/Content/EngineMaterials/PhAT_JointLimitMaterial.uasset" 290
"../../../Engine/Content/EngineMaterials/PhAT_JointLimitMaterial.uexp" 291
"../../../Engine/Content/EngineMaterials/DefaultCalibrationColor.uasset" 292
"../../../Engine/Content/EngineMaterials/DefaultCalibrationColor.uexp" 293
"../../../Engine/Content/EngineMaterials/PPM_DefaultCalibrationColor.uasset" 294
"../../../Engine/Content/EngineMaterials/PPM_DefaultCalibrationColor.uexp" 295
"../../../Engine/Content/EngineMaterials/DefaultCalibrationGrayscale.uasset" 296
"../../../Engine/Content/EngineMaterials/DefaultCalibrationGrayscale.uexp" 297
"../../../Engine/Content/EngineMaterials/PPM_DefaultCalibrationGrayscale.uasset" 298
"../../../Engine/Content/EngineMaterials/PPM_DefaultCalibrationGrayscale.uexp" 299
"../../../Engine/Content/EngineMaterials/PreintegratedSkinBRDF.uasset" 300
"../../../Engine/Content/EngineMaterials/PreintegratedSkinBRDF.uexp" 301
"../../../Engine/Content/EngineMaterials/RemoveSurfaceMaterial.uasset" 302
"../../../Engine/Content/EngineMaterials/RemoveSurfaceMaterial.uexp" 303
"../../../Engine/Content/EngineMaterials/WeightMapPlaceholderTexture.uasset" 304
"../../../Engine/Content/EngineMaterials/WeightMapPlaceholderTexture.uexp" 305
"../../../Engine/Content/EngineResources/WhiteSquareTexture.uasset" 306
"../../../Engine/Content/EngineResources/WhiteSquareTexture.uexp" 307
"../../../Engine/Content/EngineMaterials/Widget3DPassThrough.uasset" 308
"../../../Engine/Content/EngineMaterials/Widget3DPassThrough.uexp" 309
"../../../Engine/Content/EngineMaterials/Widget3DPassThrough_Masked.uasset" 310
"../../../Engine/Content/EngineMaterials/Widget3DPassThrough_Masked.uexp" 311
"../../../Engine/Content/EngineMaterials/Widget3DPassThrough_Opaque.uasset" 312
"../../../Engine/Content/EngineMaterials/Widget3DPassThrough_Opaque.uexp" 313
"../../../Engine/Content/EngineMaterials/Widget3DPassThrough_Masked_OneSided.uasset" 314
"../../../Engine/Content/EngineMaterials/Widget3DPassThrough_Masked_OneSided.uexp" 315
"../../../Engine/Content/EngineMaterials/Widget3DPassThrough_Opaque_OneSided.uasset" 316
"../../../Engine/Content/EngineMaterials/Widget3DPassThrough_Opaque_OneSided.uexp" 317
"../../../Engine/Content/EngineMaterials/Widget3DPassThrough_Translucent.uasset" 318
"../../../Engine/Content/EngineMaterials/Widget3DPassThrough_Translucent.uexp" 319
"../../../Engine/Content/EngineMaterials/Widget3DPassThrough_Translucent_OneSided.uasset" 320
"../../../Engine/Content/EngineMaterials/Widget3DPassThrough_Translucent_OneSided.uexp" 321
"../../../Engine/Content/EngineMeshes/Cylinder.uasset" 322
"../../../Engine/Content/EngineMeshes/Cylinder.uexp" 323
"../../../Engine/Content/EngineMeshes/Sphere.uasset" 324
"../../../Engine/Content/EngineMeshes/Sphere.uexp" 325
"../../../Engine/Content/EngineResources/DefaultTexture.uasset" 326
"../../../Engine/Content/EngineResources/DefaultTexture.uexp" 327
"../../../Engine/Content/EngineResources/DefaultTexture.ubulk" 328
"../../../Engine/Content/EngineResources/DefaultTextureCube.uasset" 329
"../../../Engine/Content/EngineResources/DefaultTextureCube.uexp" 330
"../../../Engine/Content/EngineResources/DefaultVolumeTexture2D.uasset" 331
"../../../Engine/Content/EngineResources/DefaultVolumeTexture2D.uexp" 332
"../../../Engine/Content/EngineResources/DefaultVolumeTexture.uasset" 333
"../../../Engine/Content/EngineResources/DefaultVolumeTexture.uexp" 334
"../../../Engine/Content/EngineResources/GradientTexture0.uasset" 335
"../../../Engine/Content/EngineResources/GradientTexture0.uexp" 336
"../../../Engine/Content/EngineSky/VolumetricClouds/T_NoiseShape64.uasset" 337
"../../../Engine/Content/EngineSky/VolumetricClouds/T_NoiseShape64.uexp" 338
"../../../Engine/Content/EngineSky/VolumetricClouds/T_NoiseShape64.ubulk" 339
"../../../Engine/Content/EngineSky/VolumetricClouds/T_VolumeNoiseShape64.uasset" 340
"../../../Engine/Content/EngineSky/VolumetricClouds/T_VolumeNoiseShape64.uexp" 341
"../../../Engine/Content/EngineSky/VolumetricClouds/T_NoiseErosion.uasset" 342
"../../../Engine/Content/EngineSky/VolumetricClouds/T_NoiseErosion.uexp" 343
"../../../Engine/Content/EngineSky/VolumetricClouds/T_NoiseErosion.ubulk" 344
"../../../Engine/Content/EngineSky/VolumetricClouds/T_VolumeNoiseErosion32.uasset" 345
"../../../Engine/Content/EngineSky/VolumetricClouds/T_VolumeNoiseErosion32.uexp" 346
"../../../Engine/Content/EngineSky/VolumetricClouds/CloudWeatherTexture.uasset" 347
"../../../Engine/Content/EngineSky/VolumetricClouds/CloudWeatherTexture.uexp" 348
"../../../Engine/Content/EngineSky/VolumetricClouds/CloudGradientTexture.uasset" 349
"../../../Engine/Content/EngineSky/VolumetricClouds/CloudGradientTexture.uexp" 350
"../../../Engine/Content/Functions/Engine_MaterialFunctions02/Utility/MakeFloat2.uasset" 351
"../../../Engine/Content/Functions/Engine_MaterialFunctions02/Utility/MakeFloat2.uexp" 352
"../../../Engine/Content/EngineSky/VolumetricClouds/m_SimpleVolumetricCloud.uasset" 353
"../../../Engine/Content/EngineSky/VolumetricClouds/m_SimpleVolumetricCloud.uexp" 354
"../../../Engine/Content/EngineSky/VolumetricClouds/m_SimpleVolumetricCloud_Inst.uasset" 355
"../../../Engine/Content/EngineSky/VolumetricClouds/m_SimpleVolumetricCloud_Inst.uexp" 356
"../../../Engine/Content/EngineSounds/Master.uasset" 357
"../../../Engine/Content/EngineSounds/Master.uexp" 358
"../../../Engine/Content/Functions/Engine_MaterialFunctions01/Shading/PowerToRoughness.uasset" 359
"../../../Engine/Content/Functions/Engine_MaterialFunctions01/Shading/PowerToRoughness.uexp" 360
"../../../Engine/Content/Maps/Templates/Thumbnails/Default.uasset" 361
"../../../Engine/Content/Maps/Templates/Thumbnails/Default.uexp" 362
"../../../Engine/Content/Maps/Templates/Thumbnails/TimeOfDay.uasset" 363
"../../../Engine/Content/Maps/Templates/Thumbnails/TimeOfDay.uexp" 364
"../../../Engine/Content/Maps/Templates/Thumbnails/VR-Basic.uasset" 365
"../../../Engine/Content/Maps/Templates/Thumbnails/VR-Basic.uexp" 366
"../../../Engine/Content/MobileResources/T_MobileControls_texture.uasset" 367
"../../../Engine/Content/MobileResources/T_MobileControls_texture.uexp" 368
"../../../Engine/Content/MobileResources/T_MobileMenu2.uasset" 369
"../../../Engine/Content/MobileResources/T_MobileMenu2.uexp" 370
"../../../Engine/Content/MobileResources/HUD/AnalogHat.uasset" 371
"../../../Engine/Content/MobileResources/HUD/AnalogHat.uexp" 372
"../../../Engine/Content/MobileResources/HUD/VirtualJoystick_Thumb.uasset" 373
"../../../Engine/Content/MobileResources/HUD/VirtualJoystick_Thumb.uexp" 374
"../../../Engine/Content/MobileResources/HUD/VirtualJoystick_Background.uasset" 375
"../../../Engine/Content/MobileResources/HUD/VirtualJoystick_Background.uexp" 376
"../../../Engine/Content/MobileResources/HUD/DefaultVirtualJoysticks.uasset" 377
"../../../Engine/Content/MobileResources/HUD/DefaultVirtualJoysticks.uexp" 378
"../../../Engine/Content/MobileResources/HUD/LeftVirtualJoystickOnly.uasset" 379
"../../../Engine/Content/MobileResources/HUD/LeftVirtualJoystickOnly.uexp" 380
"../../../Engine/Content/MobileResources/HUD/MobileHUDButton1_off.uasset" 381
"../../../Engine/Content/MobileResources/HUD/MobileHUDButton1_off.uexp" 382
"../../../Engine/Content/MobileResources/HUD/MobileHUDButton1_on.uasset" 383
"../../../Engine/Content/MobileResources/HUD/MobileHUDButton1_on.uexp" 384
"../../../Engine/Content/MobileResources/HUD/MobileHUDButton2_off.uasset" 385
"../../../Engine/Content/MobileResources/HUD/MobileHUDButton2_off.uexp" 386
"../../../Engine/Content/MobileResources/HUD/MobileHUDButton2_on.uasset" 387
"../../../Engine/Content/MobileResources/HUD/MobileHUDButton2_on.uexp" 388
"../../../Engine/Content/MobileResources/HUD/MobileHUDButton3.uasset" 389
"../../../Engine/Content/MobileResources/HUD/MobileHUDButton3.uexp" 390
"../../../Engine/Content/MobileResources/HUD/MobileHUDButtonFire.uasset" 391
"../../../Engine/Content/MobileResources/HUD/MobileHUDButtonFire.uexp" 392
"../../../Engine/Content/MobileResources/HUD/MobileHUDDirectionPad.uasset" 393
"../../../Engine/Content/MobileResources/HUD/MobileHUDDirectionPad.uexp" 394
"../../../Engine/Content/MobileResources/HUD/MobileHUDDirectionPad2.uasset" 395
"../../../Engine/Content/MobileResources/HUD/MobileHUDDirectionPad2.uexp" 396
"../../../Engine/Content/MobileResources/HUD/MobileHUDDirectionPad3.uasset" 397
"../../../Engine/Content/MobileResources/HUD/MobileHUDDirectionPad3.uexp" 398
"../../../Engine/Content/MobileResources/HUD/MobileHUDDirectionStick.uasset" 399
"../../../Engine/Content/MobileResources/HUD/MobileHUDDirectionStick.uexp" 400
"../../../Engine/Content/MobileResources/HUD/T_Castle_ThumbstickInner.uasset" 401
"../../../Engine/Content/MobileResources/HUD/T_Castle_ThumbstickInner.uexp" 402
"../../../Engine/Content/MobileResources/HUD/T_Castle_ThumbstickOutter.uasset" 403
"../../../Engine/Content/MobileResources/HUD/T_Castle_ThumbstickOutter.uexp" 404
"../../../Engine/Content/Tutorial/ContentIntroCurve.uasset" 405
"../../../Engine/Content/Tutorial/ContentIntroCurve.uexp" 406
"../../../Engine/Content/Tutorial/Basics/TutorialAssets/icon_tab_Levels_40x.uasset" 407
"../../../Engine/Content/Tutorial/Basics/TutorialAssets/icon_tab_Levels_40x.uexp" 408
"../../../Engine/Content/VREditor/TransformGizmo/TranslucentTransformGizmoMaterial.uasset" 409
"../../../Engine/Content/VREditor/TransformGizmo/TranslucentTransformGizmoMaterial.uexp" 410
"../../../Engine/Content/VREditor/LaserPointer/VR_LaserPower_01.uasset" 411
"../../../Engine/Content/VREditor/LaserPointer/VR_LaserPower_01.uexp" 412
"../../../Engine/Content/VREditor/LaserPointer/VR_LaserPower_01.ubulk" 413
"../../../Engine/Content/VREditor/TransformGizmo/TransformGizmoMaterial.uasset" 414
"../../../Engine/Content/VREditor/TransformGizmo/TransformGizmoMaterial.uexp" 415
"../../../Engine/Content/VREditor/TransformGizmo/BoundingBoxCorner.uasset" 416
"../../../Engine/Content/VREditor/TransformGizmo/BoundingBoxCorner.uexp" 417
"../../../Engine/Content/VREditor/TransformGizmo/BoundingBoxEdge.uasset" 418
"../../../Engine/Content/VREditor/TransformGizmo/BoundingBoxEdge.uexp" 419
"../../../Engine/Content/VREditor/TransformGizmo/PlaneTranslationHandle.uasset" 420
"../../../Engine/Content/VREditor/TransformGizmo/PlaneTranslationHandle.uexp" 421
"../../../Engine/Content/VREditor/TransformGizmo/Xray.uasset" 422
"../../../Engine/Content/VREditor/TransformGizmo/Xray.uexp" 423
"../../../Engine/Content/VREditor/TransformGizmo/Main.uasset" 424
"../../../Engine/Content/VREditor/TransformGizmo/Main.uexp" 425
"../../../Engine/Content/VREditor/TransformGizmo/SM_Sequencer_Key.uasset" 426
"../../../Engine/Content/VREditor/TransformGizmo/SM_Sequencer_Key.uexp" 427
"../../../Engine/Content/VREditor/TransformGizmo/SM_Sequencer_Node.uasset" 428
"../../../Engine/Content/VREditor/TransformGizmo/SM_Sequencer_Node.uexp" 429
"../../../Engine/Plugins/2D/Paper2D/Content/PlaceholderTextures/DummySpriteTexture.uasset" 430
"../../../Engine/Plugins/2D/Paper2D/Content/PlaceholderTextures/DummySpriteTexture.uexp" 431
"../../../Engine/Plugins/2D/Paper2D/Content/PlaceholderTextures/DummySpriteTexture.ubulk" 432
"../../../Engine/Plugins/2D/Paper2D/Content/DummySprite.uasset" 433
"../../../Engine/Plugins/2D/Paper2D/Content/DummySprite.uexp" 434
"../../../Engine/Plugins/2D/Paper2D/Content/DefaultPaperTerrainMaterial.uasset" 435
"../../../Engine/Plugins/2D/Paper2D/Content/DefaultPaperTerrainMaterial.uexp" 436
"../../../Engine/Plugins/2D/Paper2D/Content/DefaultSpriteMaterial.uasset" 437
"../../../Engine/Plugins/2D/Paper2D/Content/DefaultSpriteMaterial.uexp" 438
"../../../Engine/Plugins/2D/Paper2D/Content/MaskedUnlitSpriteMaterial.uasset" 439
"../../../Engine/Plugins/2D/Paper2D/Content/MaskedUnlitSpriteMaterial.uexp" 440
"../../../Engine/Plugins/2D/Paper2D/Content/OpaqueUnlitSpriteMaterial.uasset" 441
"../../../Engine/Plugins/2D/Paper2D/Content/OpaqueUnlitSpriteMaterial.uexp" 442
"../../../Engine/Content/BasicShapes/Cylinder.uasset" 443
"../../../Engine/Content/BasicShapes/Cylinder.uexp" 444
"../../../Engine/Content/ArtTools/RenderToTexture/Materials/Debug/M_Emissive_Color.uasset" 445
"../../../Engine/Content/ArtTools/RenderToTexture/Materials/Debug/M_Emissive_Color.uexp" 446
"../../../Engine/Plugins/Lumin/MagicLeapPassableWorld/Content/MagicLeapARPinInfoActor.uasset" 447
"../../../Engine/Plugins/Lumin/MagicLeapPassableWorld/Content/MagicLeapARPinInfoActor.uexp" 448
"../../../Engine/Plugins/Runtime/OpenXR/Content/Devices/GoogleDaydream/MRTexture.uasset" 449
"../../../Engine/Plugins/Runtime/OpenXR/Content/Devices/GoogleDaydream/MRTexture.uexp" 450
"../../../Engine/Plugins/Runtime/OpenXR/Content/Devices/GoogleDaydream/MRTexture.ubulk" 451
"../../../Engine/Plugins/Runtime/OpenXR/Content/Devices/GoogleDaydream/BaseTexture.uasset" 452
"../../../Engine/Plugins/Runtime/OpenXR/Content/Devices/GoogleDaydream/BaseTexture.uexp" 453
"../../../Engine/Plugins/Runtime/OpenXR/Content/Devices/GoogleDaydream/BaseTexture.ubulk" 454
"../../../Engine/Content/EngineResources/Black.uasset" 455
"../../../Engine/Content/EngineResources/Black.uexp" 456
"../../../Engine/Plugins/Runtime/OpenXR/Content/Devices/M_XRController.uasset" 457
"../../../Engine/Plugins/Runtime/OpenXR/Content/Devices/M_XRController.uexp" 458
"../../../Engine/Plugins/Runtime/OpenXR/Content/Devices/GoogleDaydream/MI_GoogleDaydream.uasset" 459
"../../../Engine/Plugins/Runtime/OpenXR/Content/Devices/GoogleDaydream/MI_GoogleDaydream.uexp" 460
"../../../Engine/Plugins/Runtime/OpenXR/Content/Devices/GoogleDaydream/GoogleDaydreamController.uasset" 461
"../../../Engine/Plugins/Runtime/OpenXR/Content/Devices/GoogleDaydream/GoogleDaydreamController.uexp" 462
"../../../Engine/Plugins/Runtime/OpenXR/Content/Devices/HTCVive/BaseTexture.uasset" 463
"../../../Engine/Plugins/Runtime/OpenXR/Content/Devices/HTCVive/BaseTexture.uexp" 464
"../../../Engine/Plugins/Runtime/OpenXR/Content/Devices/HTCVive/BaseTexture.ubulk" 465
"../../../Engine/Plugins/Runtime/OpenXR/Content/Devices/HTCVive/MI_HTCVive.uasset" 466
"../../../Engine/Plugins/Runtime/OpenXR/Content/Devices/HTCVive/MI_HTCVive.uexp" 467
"../../../Engine/Plugins/Runtime/OpenXR/Content/Devices/HTCVive/HTCViveController.uasset" 468
"../../../Engine/Plugins/Runtime/OpenXR/Content/Devices/HTCVive/HTCViveController.uexp" 469
"../../../Engine/Plugins/Runtime/OpenXR/Content/Devices/MicrosoftMixedReality/NormalTexture.uasset" 470
"../../../Engine/Plugins/Runtime/OpenXR/Content/Devices/MicrosoftMixedReality/NormalTexture.uexp" 471
"../../../Engine/Plugins/Runtime/OpenXR/Content/Devices/MicrosoftMixedReality/NormalTexture.ubulk" 472
"../../../Engine/Plugins/Runtime/OpenXR/Content/Devices/MicrosoftMixedReality/MRTexture.uasset" 473
"../../../Engine/Plugins/Runtime/OpenXR/Content/Devices/MicrosoftMixedReality/MRTexture.uexp" 474
"../../../Engine/Plugins/Runtime/OpenXR/Content/Devices/MicrosoftMixedReality/MRTexture.ubulk" 475
"../../../Engine/Plugins/Runtime/OpenXR/Content/Devices/MicrosoftMixedReality/EmissiveTexture.uasset" 476
"../../../Engine/Plugins/Runtime/OpenXR/Content/Devices/MicrosoftMixedReality/EmissiveTexture.uexp" 477
"../../../Engine/Plugins/Runtime/OpenXR/Content/Devices/MicrosoftMixedReality/EmissiveTexture.ubulk" 478
"../../../Engine/Plugins/Runtime/OpenXR/Content/Devices/MicrosoftMixedReality/BaseTexture.uasset" 479
"../../../Engine/Plugins/Runtime/OpenXR/Content/Devices/MicrosoftMixedReality/BaseTexture.uexp" 480
"../../../Engine/Plugins/Runtime/OpenXR/Content/Devices/MicrosoftMixedReality/BaseTexture.ubulk" 481
"../../../Engine/Plugins/Runtime/OpenXR/Content/Devices/MicrosoftMixedReality/MI_MicrosoftMixedReality.uasset" 482
"../../../Engine/Plugins/Runtime/OpenXR/Content/Devices/MicrosoftMixedReality/MI_MicrosoftMixedReality.uexp" 483
"../../../Engine/Plugins/Runtime/OpenXR/Content/Devices/MicrosoftMixedReality/Left/left_MicrosoftMixedRealityController.uasset" 484
"../../../Engine/Plugins/Runtime/OpenXR/Content/Devices/MicrosoftMixedReality/Left/left_MicrosoftMixedRealityController.uexp" 485
"../../../Engine/Plugins/Runtime/OpenXR/Content/Devices/MicrosoftMixedReality/Right/right_MicrosoftMixedRealityController.uasset" 486
"../../../Engine/Plugins/Runtime/OpenXR/Content/Devices/MicrosoftMixedReality/Right/right_MicrosoftMixedRealityController.uexp" 487
"../../../Engine/Plugins/Runtime/OpenXR/Content/Devices/OculusGo/BaseTexture.uasset" 488
"../../../Engine/Plugins/Runtime/OpenXR/Content/Devices/OculusGo/BaseTexture.uexp" 489
"../../../Engine/Plugins/Runtime/OpenXR/Content/Devices/OculusGo/BaseTexture.ubulk" 490
"../../../Engine/Plugins/Runtime/OpenXR/Content/Devices/OculusGo/MI_OculusGo.uasset" 491
"../../../Engine/Plugins/Runtime/OpenXR/Content/Devices/OculusGo/MI_OculusGo.uexp" 492
"../../../Engine/Plugins/Runtime/OpenXR/Content/Devices/OculusGo/OculusGoController.uasset" 493
"../../../Engine/Plugins/Runtime/OpenXR/Content/Devices/OculusGo/OculusGoController.uexp" 494
"../../../Engine/Plugins/Runtime/OpenXR/Content/Devices/OculusTouch/MRTexture.uasset" 495
"../../../Engine/Plugins/Runtime/OpenXR/Content/Devices/OculusTouch/MRTexture.uexp" 496
"../../../Engine/Plugins/Runtime/OpenXR/Content/Devices/OculusTouch/MRTexture.ubulk" 497
"../../../Engine/Plugins/Runtime/OpenXR/Content/Devices/OculusTouch/BaseTexture.uasset" 498
"../../../Engine/Plugins/Runtime/OpenXR/Content/Devices/OculusTouch/BaseTexture.uexp" 499
"../../../Engine/Plugins/Runtime/OpenXR/Content/Devices/OculusTouch/BaseTexture.ubulk" 500
"../../../Engine/Plugins/Runtime/OpenXR/Content/Devices/OculusTouch/MI_OculusTouch.uasset" 501
"../../../Engine/Plugins/Runtime/OpenXR/Content/Devices/OculusTouch/MI_OculusTouch.uexp" 502
"../../../Engine/Plugins/Runtime/OpenXR/Content/Devices/OculusTouch/Left/left_OculusTouchController.uasset" 503
"../../../Engine/Plugins/Runtime/OpenXR/Content/Devices/OculusTouch/Left/left_OculusTouchController.uexp" 504
"../../../Engine/Plugins/Runtime/OpenXR/Content/Devices/OculusTouch/Right/right_OculusTouchController.uasset" 505
"../../../Engine/Plugins/Runtime/OpenXR/Content/Devices/OculusTouch/Right/right_OculusTouchController.uexp" 506
"../../../Engine/Plugins/Runtime/OpenXR/Content/Devices/OculusTouch_v2/MRTexture.uasset" 507
"../../../Engine/Plugins/Runtime/OpenXR/Content/Devices/OculusTouch_v2/MRTexture.uexp" 508
"../../../Engine/Plugins/Runtime/OpenXR/Content/Devices/OculusTouch_v2/MRTexture.ubulk" 509
"../../../Engine/Plugins/Runtime/OpenXR/Content/Devices/OculusTouch_v2/BaseTexture.uasset" 510
"../../../Engine/Plugins/Runtime/OpenXR/Content/Devices/OculusTouch_v2/BaseTexture.uexp" 511
"../../../Engine/Plugins/Runtime/OpenXR/Content/Devices/OculusTouch_v2/BaseTexture.ubulk" 512
"../../../Engine/Plugins/Runtime/OpenXR/Content/Devices/OculusTouch_v2/MI_OculusTouch_v2.uasset" 513
"../../../Engine/Plugins/Runtime/OpenXR/Content/Devices/OculusTouch_v2/MI_OculusTouch_v2.uexp" 514
"../../../Engine/Plugins/Runtime/OpenXR/Content/Devices/OculusTouch_v2/Left/left_OculusTouch_v2Controller.uasset" 515
"../../../Engine/Plugins/Runtime/OpenXR/Content/Devices/OculusTouch_v2/Left/left_OculusTouch_v2Controller.uexp" 516
"../../../Engine/Plugins/Runtime/OpenXR/Content/Devices/OculusTouch_v2/Right/right_OculusTouch_v2Controller.uasset" 517
"../../../Engine/Plugins/Runtime/OpenXR/Content/Devices/OculusTouch_v2/Right/right_OculusTouch_v2Controller.uexp" 518
"../../../Engine/Plugins/Runtime/OpenXR/Content/Devices/OculusTouch_v3/MRTexture.uasset" 519
"../../../Engine/Plugins/Runtime/OpenXR/Content/Devices/OculusTouch_v3/MRTexture.uexp" 520
"../../../Engine/Plugins/Runtime/OpenXR/Content/Devices/OculusTouch_v3/MRTexture.ubulk" 521
"../../../Engine/Plugins/Runtime/OpenXR/Content/Devices/OculusTouch_v3/BaseTexture.uasset" 522
"../../../Engine/Plugins/Runtime/OpenXR/Content/Devices/OculusTouch_v3/BaseTexture.uexp" 523
"../../../Engine/Plugins/Runtime/OpenXR/Content/Devices/OculusTouch_v3/BaseTexture.ubulk" 524
"../../../Engine/Plugins/Runtime/OpenXR/Content/Devices/OculusTouch_v3/MI_OculusTouch_v3.uasset" 525
"../../../Engine/Plugins/Runtime/OpenXR/Content/Devices/OculusTouch_v3/MI_OculusTouch_v3.uexp" 526
"../../../Engine/Plugins/Runtime/OpenXR/Content/Devices/OculusTouch_v3/Left/left_OculusTouch_v3Controller.uasset" 527
"../../../Engine/Plugins/Runtime/OpenXR/Content/Devices/OculusTouch_v3/Left/left_OculusTouch_v3Controller.uexp" 528
"../../../Engine/Plugins/Runtime/OpenXR/Content/Devices/OculusTouch_v3/Right/right_OculusTouch_v3Controller.uasset" 529
"../../../Engine/Plugins/Runtime/OpenXR/Content/Devices/OculusTouch_v3/Right/right_OculusTouch_v3Controller.uexp" 530
"../../../Engine/Plugins/Runtime/OpenXR/Content/Devices/ValveIndex/MRTexture.uasset" 531
"../../../Engine/Plugins/Runtime/OpenXR/Content/Devices/ValveIndex/MRTexture.uexp" 532
"../../../Engine/Plugins/Runtime/OpenXR/Content/Devices/ValveIndex/MRTexture.ubulk" 533
"../../../Engine/Plugins/Runtime/OpenXR/Content/Devices/ValveIndex/BaseTexture.uasset" 534
"../../../Engine/Plugins/Runtime/OpenXR/Content/Devices/ValveIndex/BaseTexture.uexp" 535
"../../../Engine/Plugins/Runtime/OpenXR/Content/Devices/ValveIndex/BaseTexture.ubulk" 536
"../../../Engine/Plugins/Runtime/OpenXR/Content/Devices/ValveIndex/Left/MI_left_ValveIndex.uasset" 537
"../../../Engine/Plugins/Runtime/OpenXR/Content/Devices/ValveIndex/Left/MI_left_ValveIndex.uexp" 538
"../../../Engine/Plugins/Runtime/OpenXR/Content/Devices/ValveIndex/Left/left_ValveIndexController.uasset" 539
"../../../Engine/Plugins/Runtime/OpenXR/Content/Devices/ValveIndex/Left/left_ValveIndexController.uexp" 540
"../../../Engine/Plugins/Runtime/OpenXR/Content/Devices/ValveIndex/Right/MI_right_ValveIndex.uasset" 541
"../../../Engine/Plugins/Runtime/OpenXR/Content/Devices/ValveIndex/Right/MI_right_ValveIndex.uexp" 542
"../../../Engine/Plugins/Runtime/OpenXR/Content/Devices/ValveIndex/Right/right_ValveIndexController.uasset" 543
"../../../Engine/Plugins/Runtime/OpenXR/Content/Devices/ValveIndex/Right/right_ValveIndexController.uexp" 544
"../../../Engine/Content/Functions/Engine_MaterialFunctions02/Utility/BreakOutFloat3Components.uasset" 545
"../../../Engine/Content/Functions/Engine_MaterialFunctions02/Utility/BreakOutFloat3Components.uexp" 546
"../../../Engine/Plugins/Editor/SpeedTreeImporter/Content/SpeedTree9/UnpackInteger3.uasset" 547
"../../../Engine/Plugins/Editor/SpeedTreeImporter/Content/SpeedTree9/UnpackInteger3.uexp" 548
"../../../Engine/Plugins/Editor/SpeedTreeImporter/Content/SpeedTree9/UnpackDirection.uasset" 549
"../../../Engine/Plugins/Editor/SpeedTreeImporter/Content/SpeedTree9/UnpackDirection.uexp" 550
"../../../Engine/Plugins/Editor/SpeedTreeImporter/Content/SpeedTree9/game_wind_noise.uasset" 551
"../../../Engine/Plugins/Editor/SpeedTreeImporter/Content/SpeedTree9/game_wind_noise.uexp" 552
"../../../Engine/Plugins/Editor/SpeedTreeImporter/Content/SpeedTree9/game_wind_noise.ubulk" 553
"../../../Engine/Content/Functions/Engine_MaterialFunctions02/SafeNormalize.uasset" 554
"../../../Engine/Content/Functions/Engine_MaterialFunctions02/SafeNormalize.uexp" 555
"../../../Engine/Plugins/Editor/SpeedTreeImporter/Content/SpeedTree9/SpeedTreeWindMotion.uasset" 556
"../../../Engine/Plugins/Editor/SpeedTreeImporter/Content/SpeedTree9/SpeedTreeWindMotion.uexp" 557
"../../../Engine/Plugins/Editor/SpeedTreeImporter/Content/SpeedTree9/SpeedTreeBranchMotion.uasset" 558
"../../../Engine/Plugins/Editor/SpeedTreeImporter/Content/SpeedTree9/SpeedTreeBranchMotion.uexp" 559
"../../../Engine/Content/Functions/Engine_MaterialFunctions02/ObjectLocalBounds.uasset" 560
"../../../Engine/Content/Functions/Engine_MaterialFunctions02/ObjectLocalBounds.uexp" 561
"../../../Engine/Content/Functions/Engine_MaterialFunctions02/UVs/BoundingBoxBased_0-1_UVW.uasset" 562
"../../../Engine/Content/Functions/Engine_MaterialFunctions02/UVs/BoundingBoxBased_0-1_UVW.uexp" 563
"../../../Engine/Content/Functions/Engine_MaterialFunctions02/Utility/VectorLength.uasset" 564
"../../../Engine/Content/Functions/Engine_MaterialFunctions02/Utility/VectorLength.uexp" 565
"../../../Engine/Content/Functions/Engine_MaterialFunctions02/WorldPositionOffset/ObjectScale.uasset" 566
"../../../Engine/Content/Functions/Engine_MaterialFunctions02/WorldPositionOffset/ObjectScale.uexp" 567
"../../../Engine/Plugins/Editor/SpeedTreeImporter/Content/SpeedTree9/SpeedTreeWind.uasset" 568
"../../../Engine/Plugins/Editor/SpeedTreeImporter/Content/SpeedTree9/SpeedTreeWind.uexp" 569
"../../../Engine/Plugins/Editor/SpeedTreeImporter/Content/SpeedTree9/SpeedTreeBillboard.uasset" 570
"../../../Engine/Plugins/Editor/SpeedTreeImporter/Content/SpeedTree9/SpeedTreeBillboard.uexp" 571
"../../../Engine/Plugins/Editor/SpeedTreeImporter/Content/SpeedTree9/EmptyNormal.uasset" 572
"../../../Engine/Plugins/Editor/SpeedTreeImporter/Content/SpeedTree9/EmptyNormal.uexp" 573
"../../../Engine/Plugins/Editor/SpeedTreeImporter/Content/SpeedTree9/Empty.uasset" 574
"../../../Engine/Plugins/Editor/SpeedTreeImporter/Content/SpeedTree9/Empty.uexp" 575
"../../../Engine/Plugins/Editor/SpeedTreeImporter/Content/SpeedTree9/SpeedTreeBillboardMaster.uasset" 576
"../../../Engine/Plugins/Editor/SpeedTreeImporter/Content/SpeedTree9/SpeedTreeBillboardMaster.uexp" 577
"../../../Engine/Plugins/Editor/SpeedTreeImporter/Content/SpeedTree9/SpeedTreeCameraFacing.uasset" 578
"../../../Engine/Plugins/Editor/SpeedTreeImporter/Content/SpeedTree9/SpeedTreeCameraFacing.uexp" 579
"../../../Engine/Plugins/Editor/SpeedTreeImporter/Content/SpeedTree9/SpeedTreeMaster.uasset" 580
"../../../Engine/Plugins/Editor/SpeedTreeImporter/Content/SpeedTree9/SpeedTreeMaster.uexp" 581
"../../../Engine/Content/Functions/Engine_MaterialFunctions02/Utility/BreakOutFloat4Components.uasset" 582
"../../../Engine/Content/Functions/Engine_MaterialFunctions02/Utility/BreakOutFloat4Components.uexp" 583
"../../../Engine/Content/Functions/Engine_MaterialFunctions02/Utility/MakeFloat3.uasset" 584
"../../../Engine/Content/Functions/Engine_MaterialFunctions02/Utility/MakeFloat3.uexp" 585
"../../../Engine/Plugins/Runtime/Oculus/OculusVR/Content/Materials/OculusMR_ChromaKey.uasset" 586
"../../../Engine/Plugins/Runtime/Oculus/OculusVR/Content/Materials/OculusMR_ChromaKey.uexp" 587
"../../../Engine/Plugins/Runtime/Oculus/OculusVR/Content/Materials/OculusMR_OpaqueColoredMaterial.uasset" 588
"../../../Engine/Plugins/Runtime/Oculus/OculusVR/Content/Materials/OculusMR_OpaqueColoredMaterial.uexp" 589
"../../../Engine/Plugins/Runtime/Oculus/OculusVR/Content/Materials/PokeAHoleMaterial.uasset" 590
"../../../Engine/Plugins/Runtime/Oculus/OculusVR/Content/Materials/PokeAHoleMaterial.uexp" 591
"../../../Engine/Plugins/Runtime/Oculus/OculusVR/Content/Textures/touchController_controlmap.uasset" 592
"../../../Engine/Plugins/Runtime/Oculus/OculusVR/Content/Textures/touchController_controlmap.uexp" 593
"../../../Engine/Plugins/Runtime/Oculus/OculusVR/Content/Textures/touchController_controlmap.ubulk" 594
"../../../Engine/Plugins/Runtime/Oculus/OculusVR/Content/Textures/touchController_albedo.uasset" 595
"../../../Engine/Plugins/Runtime/Oculus/OculusVR/Content/Textures/touchController_albedo.uexp" 596
"../../../Engine/Plugins/Runtime/Oculus/OculusVR/Content/Textures/touchController_albedo.ubulk" 597
"../../../Engine/Plugins/Runtime/Oculus/OculusVR/Content/Materials/touchController_mat.uasset" 598
"../../../Engine/Plugins/Runtime/Oculus/OculusVR/Content/Materials/touchController_mat.uexp" 599
"../../../Engine/Plugins/Runtime/Oculus/OculusVR/Content/Meshes/LeftTouchController.uasset" 600
"../../../Engine/Plugins/Runtime/Oculus/OculusVR/Content/Meshes/LeftTouchController.uexp" 601
"../../../Engine/Plugins/Runtime/Oculus/OculusVR/Content/Textures/TouchForQuestRiftSController_albedo.uasset" 602
"../../../Engine/Plugins/Runtime/Oculus/OculusVR/Content/Textures/TouchForQuestRiftSController_albedo.uexp" 603
"../../../Engine/Plugins/Runtime/Oculus/OculusVR/Content/Textures/TouchForQuestRiftSController_albedo.ubulk" 604
"../../../Engine/Plugins/Runtime/Oculus/OculusVR/Content/Materials/TouchForQuestRiftSControllerMaterial.uasset" 605
"../../../Engine/Plugins/Runtime/Oculus/OculusVR/Content/Materials/TouchForQuestRiftSControllerMaterial.uexp" 606
"../../../Engine/Plugins/Runtime/Oculus/OculusVR/Content/Meshes/LeftTouchForQuestRiftSController.uasset" 607
"../../../Engine/Plugins/Runtime/Oculus/OculusVR/Content/Meshes/LeftTouchForQuestRiftSController.uexp" 608
"../../../Engine/Plugins/Runtime/Oculus/OculusVR/Content/Meshes/RiftHMD.uasset" 609
"../../../Engine/Plugins/Runtime/Oculus/OculusVR/Content/Meshes/RiftHMD.uexp" 610
"../../../Engine/Plugins/Runtime/Oculus/OculusVR/Content/Meshes/RightTouchController.uasset" 611
"../../../Engine/Plugins/Runtime/Oculus/OculusVR/Content/Meshes/RightTouchController.uexp" 612
"../../../Engine/Plugins/Runtime/Oculus/OculusVR/Content/Meshes/RightTouchForQuestRiftSController.uasset" 613
"../../../Engine/Plugins/Runtime/Oculus/OculusVR/Content/Meshes/RightTouchForQuestRiftSController.uexp" 614
"D:/dev/ue4/GameJam/Content/Meshes/WallLong.uasset" 615
"D:/dev/ue4/GameJam/Content/Meshes/WallLong.uexp" 616
"D:/dev/ue4/GameJam/Content/Meshes/Shelves.uasset" 617
"D:/dev/ue4/GameJam/Content/Meshes/Shelves.uexp" 618
"D:/dev/ue4/GameJam/Content/Meshes/Floor.uasset" 619
"D:/dev/ue4/GameJam/Content/Meshes/Floor.uexp" 620
"D:/dev/ue4/GameJam/Content/Meshes/Bench.uasset" 621
"D:/dev/ue4/GameJam/Content/Meshes/Bench.uexp" 622
"D:/dev/ue4/GameJam/Content/Audio/action-percussion-variations.uasset" 623
"D:/dev/ue4/GameJam/Content/Audio/action-percussion-variations.uexp" 624
"D:/dev/ue4/GameJam/Content/Audio/action-percussion-variations_Cue.uasset" 625
"D:/dev/ue4/GameJam/Content/Audio/action-percussion-variations_Cue.uexp" 626
"D:/dev/ue4/GameJam/Content/Maps/TestingMap_BuiltData.uasset" 627
"D:/dev/ue4/GameJam/Content/Maps/TestingMap_BuiltData.uexp" 628
"D:/dev/ue4/GameJam/Content/Maps/TestingMap_BuiltData.ubulk" 629
"D:/dev/ue4/GameJam/Content/Particles/PS_BottleYellow.uasset" 630
"D:/dev/ue4/GameJam/Content/Particles/PS_BottleYellow.uexp" 631
"D:/dev/ue4/GameJam/Content/Meshes/Bottle.uasset" 632
"D:/dev/ue4/GameJam/Content/Meshes/Bottle.uexp" 633
"D:/dev/ue4/GameJam/Content/Audio/breaking-glass.uasset" 634
"D:/dev/ue4/GameJam/Content/Audio/breaking-glass.uexp" 635
"D:/dev/ue4/GameJam/Content/Blueprints/Gameplay/BP_BottleYellow.uasset" 636
"D:/dev/ue4/GameJam/Content/Blueprints/Gameplay/BP_BottleYellow.uexp" 637
"D:/dev/ue4/GameJam/Content/Particles/PS_BottleBlue.uasset" 638
"D:/dev/ue4/GameJam/Content/Particles/PS_BottleBlue.uexp" 639
"D:/dev/ue4/GameJam/Content/Meshes/BottleBlue.uasset" 640
"D:/dev/ue4/GameJam/Content/Meshes/BottleBlue.uexp" 641
"D:/dev/ue4/GameJam/Content/Blueprints/Gameplay/BP_BottleBlue.uasset" 642
"D:/dev/ue4/GameJam/Content/Blueprints/Gameplay/BP_BottleBlue.uexp" 643
"D:/dev/ue4/GameJam/Content/Particles/PS_Pickup.uasset" 644
"D:/dev/ue4/GameJam/Content/Particles/PS_Pickup.uexp" 645
"D:/dev/ue4/GameJam/Content/Meshes/Protein.uasset" 646
"D:/dev/ue4/GameJam/Content/Meshes/Protein.uexp" 647
"D:/dev/ue4/GameJam/Content/Blueprints/Gameplay/BP_Pickup.uasset" 648
"D:/dev/ue4/GameJam/Content/Blueprints/Gameplay/BP_Pickup.uexp" 649
"D:/dev/ue4/GameJam/Content/Audio/spawn.uasset" 650
"D:/dev/ue4/GameJam/Content/Audio/spawn.uexp" 651
"D:/dev/ue4/GameJam/Content/Blueprints/Gameplay/BP_PickupSpawner.uasset" 652
"D:/dev/ue4/GameJam/Content/Blueprints/Gameplay/BP_PickupSpawner.uexp" 653
"D:/dev/ue4/GameJam/Content/Blueprints/Gameplay/BP_EnemySpawner.uasset" 654
"D:/dev/ue4/GameJam/Content/Blueprints/Gameplay/BP_EnemySpawner.uexp" 655
"D:/dev/ue4/GameJam/Content/Maps/TestingMap.uexp" 656
"D:/dev/ue4/GameJam/Content/Maps/TestingMap.umap" 657
"../../../Engine/Content/Maps/Entry_BuiltData.uasset" 658
"../../../Engine/Content/Maps/Entry_BuiltData.uexp" 659
"../../../Engine/Content/Maps/Entry.uexp" 660
"../../../Engine/Content/Maps/Entry.umap" 661
